[debug] ----------------------------------------------------------------------
[debug] Command:      /usr/local/bin/node /usr/local/bin/firebase deploy -m second deploy
[debug] Platform:     darwin
[debug] Node Version: v4.3.1
[debug] Time:         Sat Mar 12 2016 12:47:43 GMT+0200 (IST)
[debug] ----------------------------------------------------------------------
[debug] 
[debug] >>> HTTP REQUEST GET https://admin.firebase.com/firebase/udacity-eventplanner/token?token=XXX 
[debug] <<< HTTP RESPONSE 200
[debug] >>> HTTP REQUEST GET https://admin.firebase.com/firebase/udacity-eventplanner/token?token=XXX 
[debug] <<< HTTP RESPONSE 200
[info] 
[info] === Deploying to 'udacity-eventplanner'...
[info] 
[info] i  deploying hosting
[info] i  preparing app directory for upload...
[debug] >>> HTTP REQUEST PUT https://deploy.firebase.com/firebase/udacity-eventplanner/uploads/-KCeR5scIsN4WX6N573q?token=XXX&fileCount=2314&message=second%20deploy 
[debug] ----------------------------------------------------------------------
[debug] Command:      /usr/local/bin/node /usr/local/bin/firebase deploy -m second deploy
[debug] Platform:     darwin
[debug] Node Version: v4.3.1
[debug] Time:         Sat Mar 12 2016 12:53:33 GMT+0200 (IST)
[debug] ----------------------------------------------------------------------
[debug] 
[debug] >>> HTTP REQUEST GET https://admin.firebase.com/firebase/udacity-eventplanner/token?token=XXX 
[debug] <<< HTTP RESPONSE 200
[debug] >>> HTTP REQUEST GET https://admin.firebase.com/firebase/udacity-eventplanner/token?token=XXX 
[debug] <<< HTTP RESPONSE 200
[info] 
[info] === Deploying to 'udacity-eventplanner'...
[info] 
[info] i  deploying hosting
[info] i  preparing app directory for upload...
[debug] >>> HTTP REQUEST PUT https://deploy.firebase.com/firebase/udacity-eventplanner/uploads/-KCeSRDqv_TWJwmlWEf7?token=XXX&fileCount=2314&message=second%20deploy 
